<?xml version="1.0" encoding="UTF-8"?>
<!-- Generated by org.testng.reporters.JUnitXMLReporter -->
<testsuite hostname="DESKTOP-TV5T462" ignored="0" name="Test" tests="4" failures="2" timestamp="03 Mar 2020 08:49:47 GMT" time="1.804" errors="0">
  <testcase name="checklogIn" time="0.564" classname="com.jbk.Testcase1">
    <failure type="java.lang.AssertionError" message="expected [error] but found [Please enter email as kiran@gmail.com]">
      <![CDATA[java.lang.AssertionError: expected [error] but found [Please enter email as kiran@gmail.com]
at com.jbk.Testcase1.checklogIn(Testcase1.java:32)
... Removed 31 stack frames]]>
    </failure>
  </testcase> <!-- checklogIn -->
  <testcase name="checktitle" time="0.012" classname="com.jbk.Testcase1"/>
  <testcase name="checkTitle" time="0.011" classname="com.jbk.Testcase2"/>
  <testcase name="checkUsersTitle" time="1.048" classname="com.jbk.Testcase2">
    <failure type="java.lang.AssertionError" message="expected [] but found [JavaByKiran | User]">
      <![CDATA[java.lang.AssertionError: expected [] but found [JavaByKiran | User]
at com.jbk.Testcase2.checkUsersTitle(Testcase2.java:30)
... Removed 31 stack frames]]>
    </failure>
  </testcase> <!-- checkUsersTitle -->
</testsuite> <!-- Test -->
