<?xml version="1.0" encoding="UTF-8"?>
<!-- Generated by org.testng.reporters.JUnitXMLReporter -->
<testsuite hostname="DESKTOP-TV5T462" ignored="0" name="Test" tests="4" failures="2" timestamp="03 Mar 2020 10:39:14 GMT" time="6.368" errors="0">
  <testcase name="checklogIn" time="0.832" classname="com.jbk.Testcase1">
    <failure type="java.lang.AssertionError" message="expected [error] but found [Create an account]">
      <![CDATA[java.lang.AssertionError: expected [error] but found [Create an account]
at com.jbk.Testcase1.checklogIn(Testcase1.java:29)
... Removed 31 stack frames]]>
    </failure>
  </testcase> <!-- checklogIn -->
  <testcase name="checktitle" time="0.017" classname="com.jbk.Testcase1"/>
  <testcase name="checkUsersTitle" time="0.066" classname="com.jbk.Testcase2">
    <failure type="java.lang.AssertionError" message="expected [] but found [Facebook helps you connect and share with the people in your life.]">
      <![CDATA[java.lang.AssertionError: expected [] but found [Facebook helps you connect and share with the people in your life.]
at com.jbk.Testcase2.checkUsersTitle(Testcase2.java:32)
... Removed 31 stack frames]]>
    </failure>
  </testcase> <!-- checkUsersTitle -->
  <testcase name="checkTitle" time="4.943" classname="com.jbk.Testcase2"/>
</testsuite> <!-- Test -->
